proguard-project.txt
# To enable ProGuard in your project, edit project.properties
# to define the proguard.config property as described in that file.
#
# Add project specific ProGuard rules here.
# By default, the flags in this file are appended to flags specified
# in ${sdk.dir}/tools/proguard/proguard-android.txt
# You can edit the include path and order by changing the ProGuard
# include property in project.properties.
#
# For more details, see
#   http://developer.android.com/guide/developing/tools/proguard.html

# Add any project specific keep options here:

# If your project uses WebView with JS, uncomment the following
# and specify the fully qualified class name to the JavaScript interface
# class:
#-keepclassmembers class fqcn.of.javascript.interface.for.webview {
#   public *;
#}

-keep public class * extends android.app.Activity  
-keep public class * extends android.app.Application                   
-keep public class * extends android.app.Service                       
-keep public class * extends android.content.BroadcastReceiver         
-keep public class * extends android.content.ContentProvider           
-keep public class * extends android.app.backup.BackupAgentHelper      
-keep public class * extends android.preference.Preference   
#--------------base_end
-keep public class * extends android.app.Fragment
-keep class android.** {*;}

-keep interface com.xc.lib.xutils.** { *; } 
-keep class com.xc.lib.xutils.** {*;}
-keep class cn.com.easytaxi.ui.bean.** {*;}
-keep class cn.com.easytaxi.book.BookBean
-dontwarn com.alipay.**
-keep class com.alipay.** { *;}


-dontwarn com.fourmob.datetimepicker.**
-keep class com.fourmob.datetimepicker.** { *;}

-dontwarn net.sf.json.**
-keep class net.sf.json.** { *;}


## ----------------------------------
##   ########## Gson混淆    ##########
## ----------------------------------
-keepattributes Signature
-keep class sun.misc.Unsafe { *; }
-keep class com.google.gson.examples.android.model.** { *; }
#------序列化
-keepnames class * implements java.io.Serializable
-keepclassmembers class * implements java.io.Serializable {
   static final long serialVersionUID;
   private static final java.io.ObjectStreamField[] serialPersistentFields;
   !static !transient <fields>;
   private void writeObject(java.io.ObjectOutputStream);
   private void readObject(java.io.ObjectInputStream);
   java.lang.Object writeReplace();
   java.lang.Object readResolve();
}

#------保留注解
-keepattributes *Annotation*
-keep class * extends java.lang.annotation.Annotation { *; }

-keep public class com.eteamsun.meidi.taxi.R$*{
		public static final int *;
	}
-dontwarn com.UCMobile.PayPlugin.**  
-dontwarn com.unionpay.**
-keep class com.UCMobile.PayPlugin.** { *; }
-keep class com.unionpay.** { *; }


-dontwarn com.purplefrog.speexjni.**
-keep class com.purplefrog.speexjni.** { *; }

-dontwarn com.umeng.api.**
-keep class com.umeng.api.** { *; }

-dontwarn com.allinpay.appayassistex.**
-keep class com.allinpay.appayassistex.** { *; }

-dontwarn com.tencent.mm.**
-keep class com.tencent.mm.** { *; }

-dontwarn com.nineoldandroids.**
-keep class com.nineoldandroids.** { *; }

-dontwarn cn.com.easytaxi.taxi.bean.**
-keep class cn.com.easytaxi.taxi.bean.** { *; }
#-----------百度地图
-dontwarn com.baidu.**  
-libraryjars libs/BaiduLBS_Android.jar
-keep class com.baidu.** { *; }
-keep class vi.com.gdi.bgl.android.**{*;}

	