proguard/seeds.txt
com.xc.lib.xutils.http.client.multipart.content.StringBody
com.xc.lib.xutils.http.client.multipart.content.StringBody: byte[] content
com.xc.lib.xutils.http.client.multipart.content.StringBody: java.nio.charset.Charset charset
com.xc.lib.xutils.http.client.multipart.content.StringBody: com.xc.lib.xutils.http.client.multipart.content.StringBody create(java.lang.String,java.lang.String,java.nio.charset.Charset)
com.xc.lib.xutils.http.client.multipart.content.StringBody: com.xc.lib.xutils.http.client.multipart.content.StringBody create(java.lang.String,java.nio.charset.Charset)
com.xc.lib.xutils.http.client.multipart.content.StringBody: com.xc.lib.xutils.http.client.multipart.content.StringBody create(java.lang.String)
com.xc.lib.xutils.http.client.multipart.content.StringBody: StringBody(java.lang.String,java.lang.String,java.nio.charset.Charset)
com.xc.lib.xutils.http.client.multipart.content.StringBody: StringBody(java.lang.String,java.nio.charset.Charset)
com.xc.lib.xutils.http.client.multipart.content.StringBody: StringBody(java.lang.String)
com.xc.lib.xutils.http.client.multipart.content.StringBody: java.io.Reader getReader()
com.xc.lib.xutils.http.client.multipart.content.StringBody: void writeTo(java.io.OutputStream)
com.xc.lib.xutils.http.client.multipart.content.StringBody: java.lang.String getTransferEncoding()
com.xc.lib.xutils.http.client.multipart.content.StringBody: java.lang.String getCharset()
com.xc.lib.xutils.http.client.util.URIBuilder
com.xc.lib.xutils.http.client.util.URIBuilder: java.lang.String scheme
com.xc.lib.xutils.http.client.util.URIBuilder: java.lang.String encodedSchemeSpecificPart
com.xc.lib.xutils.http.client.util.URIBuilder: java.lang.String encodedAuthority
com.xc.lib.xutils.http.client.util.URIBuilder: java.lang.String userInfo
com.xc.lib.xutils.http.client.util.URIBuilder: java.lang.String encodedUserInfo
com.xc.lib.xutils.http.client.util.URIBuilder: java.lang.String host
com.xc.lib.xutils.http.client.util.URIBuilder: int port
com.xc.lib.xutils.http.client.util.URIBuilder: java.lang.String path
com.xc.lib.xutils.http.client.util.URIBuilder: java.lang.String encodedPath
com.xc.lib.xutils.http.client.util.URIBuilder: java.lang.String encodedQuery
com.xc.lib.xutils.http.client.util.URIBuilder: java.util.List queryParams
com.xc.lib.xutils.http.client.util.URIBuilder: java.lang.String fragment
com.xc.lib.xutils.http.client.util.URIBuilder: java.lang.String encodedFragment
com.xc.lib.xutils.http.client.util.URIBuilder: URIBuilder()
com.xc.lib.xutils.http.client.util.URIBuilder: URIBuilder(java.lang.String)
com.xc.lib.xutils.http.client.util.URIBuilder: URIBuilder(java.net.URI)
com.xc.lib.xutils.http.client.util.URIBuilder: void digestURI(java.net.URI)
com.xc.lib.xutils.http.client.util.URIBuilder: java.util.List parseQuery(java.lang.String)