proguard/mapping.txt
cn.com.easytaxi.util.LocalPreference -> cn.com.easytaxi.util.p:
    cn.com.easytaxi.util.LocalPreference instance -> a
    android.content.SharedPreferences mSharedPreferences -> b
    boolean setString(java.lang.String,java.lang.String) -> a
    cn.com.easytaxi.util.LocalPreference getInstance(android.content.Context) -> a
cn.com.easytaxi.util.RandomUtils -> cn.com.easytaxi.util.q:
    java.lang.String getRandomNumbers(int) -> a
    java.lang.String getRandom(java.lang.String,int) -> a
    java.lang.String getRandom(char[],int) -> a
cn.com.easytaxi.util.SysDeug -> cn.com.easytaxi.util.r:
    void logD(java.lang.String,java.lang.String) -> a
    void logD(java.lang.String) -> a
cn.com.easytaxi.util.TaxiImageLoader -> cn.com.easytaxi.util.s:
    com.xc.lib.xutils.BitmapUtils instance -> a
    com.xc.lib.xutils.BitmapUtils getInstance(android.content.Context) -> a
cn.com.easytaxi.util.TimeTool -> cn.com.easytaxi.util.t:
    java.text.SimpleDateFormat DEFAULT_DATE_FORMATTER -> a
    java.text.SimpleDateFormat NO_YEAY_DATE_FORMATTER -> b
    int MILL_MIN -> c
    int MILL_HOUR -> d
    int MILL_DAY -> e
    java.lang.String JUST_NOW -> f
    java.lang.String MIN -> g
    java.lang.String HOUR -> h
    java.lang.String DAY -> i
    java.lang.String MONTH -> j
    java.lang.String YEAR -> k
    java.lang.String YESTER_DAY -> l
    java.lang.String THE_DAY_BEFORE_YESTER_DAY -> m
    java.lang.String TODAY -> n
    java.lang.String DATE_FORMAT -> o
    java.lang.String YEAR_FORMAT -> p
    java.util.Calendar msgCalendar -> q
    java.text.SimpleDateFormat dayFormat -> r
    java.text.SimpleDateFormat dateFormat -> s
    java.text.SimpleDateFormat yearFormat -> t
    java.lang.String getListTime(long) -> a
    boolean isSameDay(java.util.Calendar,java.util.Calendar) -> a
    boolean isYesterDay(java.util.Calendar,java.util.Calendar) -> b
    boolean isTheDayBeforeYesterDay(java.util.Calendar,java.util.Calendar) -> c
    java.util.HashMap formatDuring(long) -> b
    java.lang.String getDateString(long) -> c
cn.com.easytaxi.util.XGsonUtil -> cn.com.easytaxi.util.u:
    com.google.gson.JsonParser jsonParser -> a
    com.google.gson.JsonObject getJsonObject(java.lang.String) -> a
    java.lang.Object getObjectFromJson(boolean,java.lang.String,java.lang.Class) -> a
    java.util.List getListFromJson(boolean,com.google.gson.JsonArray,java.lang.Class) -> a
cn.com.easytaxi.util.XTCPUtil -> cn.com.easytaxi.util.v:
    void send(long,org.json.JSONObject,cn.com.easytaxi.util.XTCPUtil$XNetCallback) -> a
cn.com.easytaxi.util.XTCPUtil$1 -> cn.com.easytaxi.util.w:
    long val$id -> a
    org.json.JSONObject val$param -> b
    java.lang.String call() -> a
    java.lang.Object call() -> call
cn.com.easytaxi.util.XTCPUtil$2 -> cn.com.easytaxi.util.x:
    cn.com.easytaxi.util.XTCPUtil$XNetCallback val$callback -> a
    void onStart() -> b
    void handle(java.lang.String) -> a
    void error(java.lang.Throwable,int) -> a
    void complete() -> a
    void handle(java.lang.Object) -> a
cn.com.easytaxi.util.XTCPUtil$XNetCallback -> cn.com.easytaxi.util.y:
    void onStart() -> a
    void onSuc(java.lang.String) -> a
    void onComplete() -> b
    void error(java.lang.Throwable,int) -> a
cn.com.easytaxi.util.YdLoginUtil -> cn.com.easytaxi.util.z:
    boolean isLogin(android.content.Context) -> a
cn.com.easytaxi.workpool.BaseActivity -> cn.com.easytaxi.workpool.BaseActivity:
    cn.com.easytaxi.common.SessionAdapter session -> B
    java.lang.String Tag -> C
    cn.com.easytaxi.workpool.BaseActivity self -> D
    void onCreate(android.os.Bundle) -> onCreate
    void onDestroy() -> onDestroy
    boolean isLogin() -> e
    void d(java.lang.String) -> b
    java.lang.String getPassengerId() -> f
    java.lang.String getCityId() -> g
    void catchCrash() -> h