proguard/usage.txt
com.google.gson.stream.JsonReader:
    private static final java.lang.String TRUE
    private static final java.lang.String FALSE
com.google.gson.stream.JsonWriter:
    447:453:public com.google.gson.stream.JsonWriter value(double)
com.google.gson.stream.MalformedJsonException:
    33:37:public MalformedJsonException(java.lang.String,java.lang.Throwable)
    39:43:public MalformedJsonException(java.lang.Throwable)
com.loopj.android.http.AsyncHttpClient:
    private static final java.lang.String VERSION
    private static final int DEFAULT_MAX_CONNECTIONS
    private static final int DEFAULT_SOCKET_TIMEOUT
    private static final int DEFAULT_MAX_RETRIES
    private static final int DEFAULT_SOCKET_BUFFER_SIZE
    private static final java.lang.String HEADER_ACCEPT_ENCODING
    private static final java.lang.String ENCODING_GZIP
    182:182:public org.apache.http.client.HttpClient getHttpClient()
    191:191:public org.apache.http.protocol.HttpContext getHttpContext()
    199:200:public void setCookieStore(org.apache.http.client.CookieStore)
    208:209:public void setThreadPool(java.util.concurrent.ThreadPoolExecutor)
    217:218:public void setUserAgent(java.lang.String)
    237:238:public void setSSLSocketFactory(org.apache.http.conn.ssl.SSLSocketFactory)
    246:247:public void addHeader(java.lang.String,java.lang.String)
    256:258:public void setBasicAuth(java.lang.String,java.lang.String)
    269:271:public void setBasicAuth(java.lang.String,java.lang.String,org.apache.http.auth.AuthScope)
    286:296:public void cancelRequests(android.content.Context,boolean)
    329:330:public void get(android.content.Context,java.lang.String,com.loopj.android.http.AsyncHttpResponseHandler)
    354:358:public void get(android.content.Context,java.lang.String,org.apache.http.Header[],com.loopj.android.http.RequestParams,com.loopj.android.http.AsyncHttpResponseHandler)
com.loopj.android.http.AsyncHttpResponseHandler:
    protected static final int SUCCESS_MESSAGE
    protected static final int FAILURE_MESSAGE
    protected static final int START_MESSAGE
    protected static final int FINISH_MESSAGE
com.loopj.android.http.BinaryHttpResponseHandler:
    77:79:public BinaryHttpResponseHandler(java.lang.String[])
    110:111:public void onFailure(java.lang.Throwable,byte[])
    136:137:protected void handleFailureMessage(java.lang.Throwable,byte[])
com.loopj.android.http.JsonHttpResponseHandler
com.loopj.android.http.PersistentCookieStore
com.loopj.android.http.RequestParams:
    75:81:public RequestParams(java.util.Map)
    102:112:public varargs RequestParams(java.lang.Object[])
    131:132:public void put(java.lang.String,java.io.File)
    140:143:public void put(java.lang.String,java.util.ArrayList)
    151:152:public void put(java.lang.String,java.io.InputStream)
    161:162:public void put(java.lang.String,java.io.InputStream,java.lang.String)
    172:175:public void put(java.lang.String,java.io.InputStream,java.lang.String,java.lang.String)
    182:185:public void remove(java.lang.String)
com.loopj.android.http.RequestParams$FileWrapper:
    307:311:public RequestParams$FileWrapper(java.io.InputStream,java.lang.String,java.lang.String)
com.loopj.android.http.RetryHandler:
    private static final int RETRY_SLEEP_TIME_MILLIS
com.loopj.android.http.SerializableCookie
com.loopj.android.http.SimpleMultipartEntity:
    60:65:public void writeFirstBoundaryIfNeeds()
    138:142:public void addPart(java.lang.String,java.io.File,boolean)
com.loopj.android.http.SyncHttpClient
com.loopj.android.http.SyncHttpClient$1
com.ryong21.encode.Speex
com.ryong21.io.AudioFileWriter
com.ryong21.io.ExtAudioRecorder
com.ryong21.io.ExtAudioRecorder$1
com.ryong21.io.ExtAudioRecorder$State
com.ryong21.io.OggCrc
com.ryong21.io.OggSpeexWriter